<?xml version="1.0" encoding="UTF-8"?>
<!-- Generated by org.testng.reporters.JUnitReportReporter -->
<testsuite skipped="0" hostname="DESKTOP-KVV1592" name="Academy.LoginPage" tests="1" failures="0" timestamp="02 Dec 2018 13:51:12 GMT" time="10.294" errors="0">
  <testcase name="login" time="10.294" classname="Academy.LoginPage"/>
</testsuite> <!-- Academy.LoginPage -->
