<?xml version="1.0" encoding="UTF-8"?>
<!-- Generated by org.testng.reporters.JUnitReportReporter -->
<testsuite skipped="0" hostname="DESKTOP-KVV1592" name="academy.HomePage" tests="1" failures="0" timestamp="02 Dec 2018 16:01:37 GMT" time="29.430" errors="0">
  <testcase name="home" time="29.430" classname="academy.HomePage"/>
</testsuite> <!-- academy.HomePage -->
